<?xml version="1.0" encoding="UTF-8"?>
<!-- Generated by org.testng.reporters.JUnitReportReporter -->
<testsuite hostname="DESKTOP-EQ55Q8H" failures="0" tests="1" name="apk_download.Screenshot" time="4.438" errors="0" timestamp="2024-11-14T09:54:16 IST" skipped="0">
  <testcase classname="apk_download.Screenshot" name="screenshot" time="4.438"/>
  <system-out/>
</testsuite> <!-- apk_download.Screenshot -->
