<?xml version="1.0" encoding="UTF-8"?>
<!-- Generated by org.testng.reporters.JUnitReportReporter -->
<testsuite hostname="DESKTOP-EQ55Q8H" failures="0" tests="1" name="Demo.StarAgile_Appium.AppiumTest" time="0.011" errors="0" timestamp="2024-11-07T18:33:30 IST" skipped="0">
  <testcase classname="Demo.StarAgile_Appium.AppiumTest" name="sampleTest" time="0.011"/>
  <system-out/>
</testsuite> <!-- Demo.StarAgile_Appium.AppiumTest -->
