<?xml version="1.0" encoding="UTF-8"?>
<!-- Generated by org.testng.reporters.JUnitReportReporter -->
<testsuite hostname="DESKTOP-EQ55Q8H" failures="0" tests="1" name="Demo.StarAgile_Appium.ClockTest" time="9.421" errors="0" timestamp="2024-11-10T11:41:22 IST" skipped="0">
  <testcase classname="Demo.StarAgile_Appium.ClockTest" name="sampleTest" time="9.421"/>
  <system-out/>
</testsuite> <!-- Demo.StarAgile_Appium.ClockTest -->
