<?xml version="1.0" encoding="UTF-8"?>
<!-- Generated by org.testng.reporters.JUnitReportReporter -->
<testsuite hostname="DESKTOP-EQ55Q8H" failures="0" tests="1" name="Demo.StarAgile_Appium.Youtube" time="2.215" errors="0" timestamp="2024-11-14T10:33:18 IST" skipped="0">
  <testcase classname="Demo.StarAgile_Appium.Youtube" name="launchYouTube" time="2.215"/>
  <system-out/>
</testsuite> <!-- Demo.StarAgile_Appium.Youtube -->
