<?xml version="1.0" encoding="UTF-8"?>
<!-- Generated by org.testng.reporters.JUnitReportReporter -->
<testsuite hostname="DESKTOP-EQ55Q8H" failures="0" tests="1" name="apk_download.ApiDemos" time="1.752" errors="0" timestamp="2024-11-15T09:59:02 IST" skipped="0">
  <testcase classname="apk_download.ApiDemos" name="applicationLaunchStatus" time="1.752"/>
  <system-out/>
</testsuite> <!-- apk_download.ApiDemos -->
