<?xml version="1.0" encoding="UTF-8"?>
<!-- Generated by org.testng.reporters.JUnitReportReporter -->
<testsuite hostname="DESKTOP-EQ55Q8H" failures="0" tests="1" name="Demo.StarAgile_Appium.Assignment2" time="8.476" errors="0" timestamp="2024-11-15T10:28:46 IST" skipped="0">
  <testcase classname="Demo.StarAgile_Appium.Assignment2" name="backgroundAndForegroundTest" time="8.476"/>
  <system-out/>
</testsuite> <!-- Demo.StarAgile_Appium.Assignment2 -->
